<?xml version="1.0" encoding="UTF-8"?>
<testsuite xmlns:xsi="http://www.w3.org/2001/XMLSchema-instance" xsi:noNamespaceSchemaLocation="https://maven.apache.org/surefire/maven-surefire-plugin/xsd/surefire-test-report-3.0.xsd" version="3.0" name="TestSuite" time="35.413" tests="10" errors="0" skipped="0" failures="0">
  <properties>
    <property name="java.specification.version" value="17"/>
    <property name="sun.cpu.isalist" value="amd64"/>
    <property name="sun.jnu.encoding" value="Cp1252"/>
    <property name="java.class.path" value="C:\Users\90ami\eclipse-workspace\Hotel_API_Framework\target\test-classes;C:\Users\90ami\eclipse-workspace\Hotel_API_Framework\target\classes;C:\Users\90ami\.m2\repository\io\rest-assured\rest-assured\5.3.0\rest-assured-5.3.0.jar;C:\Users\90ami\.m2\repository\org\apache\groovy\groovy\4.0.6\groovy-4.0.6.jar;C:\Users\90ami\.m2\repository\org\apache\groovy\groovy-xml\4.0.6\groovy-xml-4.0.6.jar;C:\Users\90ami\.m2\repository\org\apache\httpcomponents\httpclient\4.5.13\httpclient-4.5.13.jar;C:\Users\90ami\.m2\repository\org\apache\httpcomponents\httpcore\4.4.13\httpcore-4.4.13.jar;C:\Users\90ami\.m2\repository\commons-logging\commons-logging\1.2\commons-logging-1.2.jar;C:\Users\90ami\.m2\repository\org\apache\httpcomponents\httpmime\4.5.13\httpmime-4.5.13.jar;C:\Users\90ami\.m2\repository\org\hamcrest\hamcrest\2.1\hamcrest-2.1.jar;C:\Users\90ami\.m2\repository\org\ccil\cowan\tagsoup\tagsoup\1.2.1\tagsoup-1.2.1.jar;C:\Users\90ami\.m2\repository\io\rest-assured\xml-path\5.3.0\xml-path-5.3.0.jar;C:\Users\90ami\.m2\repository\io\rest-assured\json-path\5.3.0\json-path-5.3.0.jar;C:\Users\90ami\.m2\repository\org\apache\groovy\groovy-json\4.0.6\groovy-json-4.0.6.jar;C:\Users\90ami\.m2\repository\io\rest-assured\rest-assured-common\5.3.0\rest-assured-common-5.3.0.jar;C:\Users\90ami\.m2\repository\com\github\javafaker\javafaker\1.0.2\javafaker-1.0.2.jar;C:\Users\90ami\.m2\repository\org\apache\commons\commons-lang3\3.5\commons-lang3-3.5.jar;C:\Users\90ami\.m2\repository\org\yaml\snakeyaml\1.23\snakeyaml-1.23-android.jar;C:\Users\90ami\.m2\repository\com\github\mifmif\generex\1.0.2\generex-1.0.2.jar;C:\Users\90ami\.m2\repository\dk\brics\automaton\automaton\1.11-8\automaton-1.11-8.jar;C:\Users\90ami\.m2\repository\org\json\json\20220924\json-20220924.jar;C:\Users\90ami\.m2\repository\com\google\code\gson\gson\2.10.1\gson-2.10.1.jar;C:\Users\90ami\.m2\repository\org\testng\testng\7.7.1\testng-7.7.1.jar;C:\Users\90ami\.m2\repository\org\slf4j\slf4j-api\1.7.36\slf4j-api-1.7.36.jar;C:\Users\90ami\.m2\repository\com\beust\jcommander\1.82\jcommander-1.82.jar;C:\Users\90ami\.m2\repository\org\webjars\jquery\3.6.1\jquery-3.6.1.jar;C:\Users\90ami\.m2\repository\io\rest-assured\json-schema-validator\5.3.0\json-schema-validator-5.3.0.jar;C:\Users\90ami\.m2\repository\com\github\java-json-tools\json-schema-validator\2.2.14\json-schema-validator-2.2.14.jar;C:\Users\90ami\.m2\repository\com\google\guava\guava\28.2-android\guava-28.2-android.jar;C:\Users\90ami\.m2\repository\com\google\guava\failureaccess\1.0.1\failureaccess-1.0.1.jar;C:\Users\90ami\.m2\repository\com\google\guava\listenablefuture\9999.0-empty-to-avoid-conflict-with-guava\listenablefuture-9999.0-empty-to-avoid-conflict-with-guava.jar;C:\Users\90ami\.m2\repository\org\checkerframework\checker-compat-qual\2.5.5\checker-compat-qual-2.5.5.jar;C:\Users\90ami\.m2\repository\com\google\errorprone\error_prone_annotations\2.3.4\error_prone_annotations-2.3.4.jar;C:\Users\90ami\.m2\repository\com\google\j2objc\j2objc-annotations\1.3\j2objc-annotations-1.3.jar;C:\Users\90ami\.m2\repository\com\github\java-json-tools\jackson-coreutils-equivalence\1.0\jackson-coreutils-equivalence-1.0.jar;C:\Users\90ami\.m2\repository\com\github\java-json-tools\jackson-coreutils\2.0\jackson-coreutils-2.0.jar;C:\Users\90ami\.m2\repository\com\github\java-json-tools\msg-simple\1.2\msg-simple-1.2.jar;C:\Users\90ami\.m2\repository\com\github\java-json-tools\btf\1.3\btf-1.3.jar;C:\Users\90ami\.m2\repository\com\github\java-json-tools\json-schema-core\1.2.14\json-schema-core-1.2.14.jar;C:\Users\90ami\.m2\repository\com\github\java-json-tools\uri-template\0.10\uri-template-0.10.jar;C:\Users\90ami\.m2\repository\org\mozilla\rhino\1.7.7.2\rhino-1.7.7.2.jar;C:\Users\90ami\.m2\repository\com\sun\mail\mailapi\1.6.2\mailapi-1.6.2.jar;C:\Users\90ami\.m2\repository\joda-time\joda-time\2.10.5\joda-time-2.10.5.jar;C:\Users\90ami\.m2\repository\com\googlecode\libphonenumber\libphonenumber\8.11.1\libphonenumber-8.11.1.jar;C:\Users\90ami\.m2\repository\com\google\code\findbugs\jsr305\3.0.2\jsr305-3.0.2.jar;C:\Users\90ami\.m2\repository\net\sf\jopt-simple\jopt-simple\5.0.4\jopt-simple-5.0.4.jar;C:\Users\90ami\.m2\repository\com\github\scribejava\scribejava-apis\8.3.1\scribejava-apis-8.3.1.jar;C:\Users\90ami\.m2\repository\com\github\scribejava\scribejava-core\8.3.1\scribejava-core-8.3.1.jar;C:\Users\90ami\.m2\repository\com\github\scribejava\scribejava-java8\8.3.1\scribejava-java8-8.3.1.jar;C:\Users\90ami\.m2\repository\com\fasterxml\jackson\core\jackson-databind\2.12.3\jackson-databind-2.12.3.jar;C:\Users\90ami\.m2\repository\com\fasterxml\jackson\core\jackson-annotations\2.12.3\jackson-annotations-2.12.3.jar;C:\Users\90ami\.m2\repository\com\fasterxml\jackson\core\jackson-core\2.12.3\jackson-core-2.12.3.jar;C:\Users\90ami\.m2\repository\org\apache\poi\poi\4.1.2\poi-4.1.2.jar;C:\Users\90ami\.m2\repository\commons-codec\commons-codec\1.13\commons-codec-1.13.jar;C:\Users\90ami\.m2\repository\org\apache\commons\commons-collections4\4.4\commons-collections4-4.4.jar;C:\Users\90ami\.m2\repository\org\apache\commons\commons-math3\3.6.1\commons-math3-3.6.1.jar;C:\Users\90ami\.m2\repository\com\zaxxer\SparseBitSet\1.2\SparseBitSet-1.2.jar;C:\Users\90ami\.m2\repository\org\apache\poi\poi-ooxml\4.1.2\poi-ooxml-4.1.2.jar;C:\Users\90ami\.m2\repository\org\apache\poi\poi-ooxml-schemas\4.1.2\poi-ooxml-schemas-4.1.2.jar;C:\Users\90ami\.m2\repository\org\apache\xmlbeans\xmlbeans\3.1.0\xmlbeans-3.1.0.jar;C:\Users\90ami\.m2\repository\org\apache\commons\commons-compress\1.19\commons-compress-1.19.jar;C:\Users\90ami\.m2\repository\com\github\virtuald\curvesapi\1.06\curvesapi-1.06.jar;C:\Users\90ami\.m2\repository\com\aventstack\extentreports\5.0.9\extentreports-5.0.9.jar;C:\Users\90ami\.m2\repository\io\reactivex\rxjava3\rxjava\3.0.4\rxjava-3.0.4.jar;C:\Users\90ami\.m2\repository\org\reactivestreams\reactive-streams\1.0.3\reactive-streams-1.0.3.jar;C:\Users\90ami\.m2\repository\org\freemarker\freemarker\2.3.30\freemarker-2.3.30.jar;C:\Users\90ami\.m2\repository\org\projectlombok\lombok\1.18.12\lombok-1.18.12.jar;"/>
    <property name="java.vm.vendor" value="Oracle Corporation"/>
    <property name="sun.arch.data.model" value="64"/>
    <property name="user.variant" value=""/>
    <property name="java.vendor.url" value="https://java.oracle.com/"/>
    <property name="user.timezone" value="Asia/Calcutta"/>
    <property name="os.name" value="Windows 11"/>
    <property name="java.vm.specification.version" value="17"/>
    <property name="sun.java.launcher" value="SUN_STANDARD"/>
    <property name="user.country" value="IN"/>
    <property name="sun.boot.library.path" value="C:\Program Files\Java\jdk-17.0.4.1\bin"/>
    <property name="sun.java.command" value="C:\Users\90ami\AppData\Local\Temp\surefire9972240040367104181\surefirebooter-20230421103254887_3.jar C:\Users\90ami\AppData\Local\Temp\surefire9972240040367104181 2023-04-21T10-32-54_657-jvmRun1 surefire-20230421103254887_1tmp surefire_0-20230421103254887_2tmp"/>
    <property name="jdk.debug" value="release"/>
    <property name="surefire.test.class.path" value="C:\Users\90ami\eclipse-workspace\Hotel_API_Framework\target\test-classes;C:\Users\90ami\eclipse-workspace\Hotel_API_Framework\target\classes;C:\Users\90ami\.m2\repository\io\rest-assured\rest-assured\5.3.0\rest-assured-5.3.0.jar;C:\Users\90ami\.m2\repository\org\apache\groovy\groovy\4.0.6\groovy-4.0.6.jar;C:\Users\90ami\.m2\repository\org\apache\groovy\groovy-xml\4.0.6\groovy-xml-4.0.6.jar;C:\Users\90ami\.m2\repository\org\apache\httpcomponents\httpclient\4.5.13\httpclient-4.5.13.jar;C:\Users\90ami\.m2\repository\org\apache\httpcomponents\httpcore\4.4.13\httpcore-4.4.13.jar;C:\Users\90ami\.m2\repository\commons-logging\commons-logging\1.2\commons-logging-1.2.jar;C:\Users\90ami\.m2\repository\org\apache\httpcomponents\httpmime\4.5.13\httpmime-4.5.13.jar;C:\Users\90ami\.m2\repository\org\hamcrest\hamcrest\2.1\hamcrest-2.1.jar;C:\Users\90ami\.m2\repository\org\ccil\cowan\tagsoup\tagsoup\1.2.1\tagsoup-1.2.1.jar;C:\Users\90ami\.m2\repository\io\rest-assured\xml-path\5.3.0\xml-path-5.3.0.jar;C:\Users\90ami\.m2\repository\io\rest-assured\json-path\5.3.0\json-path-5.3.0.jar;C:\Users\90ami\.m2\repository\org\apache\groovy\groovy-json\4.0.6\groovy-json-4.0.6.jar;C:\Users\90ami\.m2\repository\io\rest-assured\rest-assured-common\5.3.0\rest-assured-common-5.3.0.jar;C:\Users\90ami\.m2\repository\com\github\javafaker\javafaker\1.0.2\javafaker-1.0.2.jar;C:\Users\90ami\.m2\repository\org\apache\commons\commons-lang3\3.5\commons-lang3-3.5.jar;C:\Users\90ami\.m2\repository\org\yaml\snakeyaml\1.23\snakeyaml-1.23-android.jar;C:\Users\90ami\.m2\repository\com\github\mifmif\generex\1.0.2\generex-1.0.2.jar;C:\Users\90ami\.m2\repository\dk\brics\automaton\automaton\1.11-8\automaton-1.11-8.jar;C:\Users\90ami\.m2\repository\org\json\json\20220924\json-20220924.jar;C:\Users\90ami\.m2\repository\com\google\code\gson\gson\2.10.1\gson-2.10.1.jar;C:\Users\90ami\.m2\repository\org\testng\testng\7.7.1\testng-7.7.1.jar;C:\Users\90ami\.m2\repository\org\slf4j\slf4j-api\1.7.36\slf4j-api-1.7.36.jar;C:\Users\90ami\.m2\repository\com\beust\jcommander\1.82\jcommander-1.82.jar;C:\Users\90ami\.m2\repository\org\webjars\jquery\3.6.1\jquery-3.6.1.jar;C:\Users\90ami\.m2\repository\io\rest-assured\json-schema-validator\5.3.0\json-schema-validator-5.3.0.jar;C:\Users\90ami\.m2\repository\com\github\java-json-tools\json-schema-validator\2.2.14\json-schema-validator-2.2.14.jar;C:\Users\90ami\.m2\repository\com\google\guava\guava\28.2-android\guava-28.2-android.jar;C:\Users\90ami\.m2\repository\com\google\guava\failureaccess\1.0.1\failureaccess-1.0.1.jar;C:\Users\90ami\.m2\repository\com\google\guava\listenablefuture\9999.0-empty-to-avoid-conflict-with-guava\listenablefuture-9999.0-empty-to-avoid-conflict-with-guava.jar;C:\Users\90ami\.m2\repository\org\checkerframework\checker-compat-qual\2.5.5\checker-compat-qual-2.5.5.jar;C:\Users\90ami\.m2\repository\com\google\errorprone\error_prone_annotations\2.3.4\error_prone_annotations-2.3.4.jar;C:\Users\90ami\.m2\repository\com\google\j2objc\j2objc-annotations\1.3\j2objc-annotations-1.3.jar;C:\Users\90ami\.m2\repository\com\github\java-json-tools\jackson-coreutils-equivalence\1.0\jackson-coreutils-equivalence-1.0.jar;C:\Users\90ami\.m2\repository\com\github\java-json-tools\jackson-coreutils\2.0\jackson-coreutils-2.0.jar;C:\Users\90ami\.m2\repository\com\github\java-json-tools\msg-simple\1.2\msg-simple-1.2.jar;C:\Users\90ami\.m2\repository\com\github\java-json-tools\btf\1.3\btf-1.3.jar;C:\Users\90ami\.m2\repository\com\github\java-json-tools\json-schema-core\1.2.14\json-schema-core-1.2.14.jar;C:\Users\90ami\.m2\repository\com\github\java-json-tools\uri-template\0.10\uri-template-0.10.jar;C:\Users\90ami\.m2\repository\org\mozilla\rhino\1.7.7.2\rhino-1.7.7.2.jar;C:\Users\90ami\.m2\repository\com\sun\mail\mailapi\1.6.2\mailapi-1.6.2.jar;C:\Users\90ami\.m2\repository\joda-time\joda-time\2.10.5\joda-time-2.10.5.jar;C:\Users\90ami\.m2\repository\com\googlecode\libphonenumber\libphonenumber\8.11.1\libphonenumber-8.11.1.jar;C:\Users\90ami\.m2\repository\com\google\code\findbugs\jsr305\3.0.2\jsr305-3.0.2.jar;C:\Users\90ami\.m2\repository\net\sf\jopt-simple\jopt-simple\5.0.4\jopt-simple-5.0.4.jar;C:\Users\90ami\.m2\repository\com\github\scribejava\scribejava-apis\8.3.1\scribejava-apis-8.3.1.jar;C:\Users\90ami\.m2\repository\com\github\scribejava\scribejava-core\8.3.1\scribejava-core-8.3.1.jar;C:\Users\90ami\.m2\repository\com\github\scribejava\scribejava-java8\8.3.1\scribejava-java8-8.3.1.jar;C:\Users\90ami\.m2\repository\com\fasterxml\jackson\core\jackson-databind\2.12.3\jackson-databind-2.12.3.jar;C:\Users\90ami\.m2\repository\com\fasterxml\jackson\core\jackson-annotations\2.12.3\jackson-annotations-2.12.3.jar;C:\Users\90ami\.m2\repository\com\fasterxml\jackson\core\jackson-core\2.12.3\jackson-core-2.12.3.jar;C:\Users\90ami\.m2\repository\org\apache\poi\poi\4.1.2\poi-4.1.2.jar;C:\Users\90ami\.m2\repository\commons-codec\commons-codec\1.13\commons-codec-1.13.jar;C:\Users\90ami\.m2\repository\org\apache\commons\commons-collections4\4.4\commons-collections4-4.4.jar;C:\Users\90ami\.m2\repository\org\apache\commons\commons-math3\3.6.1\commons-math3-3.6.1.jar;C:\Users\90ami\.m2\repository\com\zaxxer\SparseBitSet\1.2\SparseBitSet-1.2.jar;C:\Users\90ami\.m2\repository\org\apache\poi\poi-ooxml\4.1.2\poi-ooxml-4.1.2.jar;C:\Users\90ami\.m2\repository\org\apache\poi\poi-ooxml-schemas\4.1.2\poi-ooxml-schemas-4.1.2.jar;C:\Users\90ami\.m2\repository\org\apache\xmlbeans\xmlbeans\3.1.0\xmlbeans-3.1.0.jar;C:\Users\90ami\.m2\repository\org\apache\commons\commons-compress\1.19\commons-compress-1.19.jar;C:\Users\90ami\.m2\repository\com\github\virtuald\curvesapi\1.06\curvesapi-1.06.jar;C:\Users\90ami\.m2\repository\com\aventstack\extentreports\5.0.9\extentreports-5.0.9.jar;C:\Users\90ami\.m2\repository\io\reactivex\rxjava3\rxjava\3.0.4\rxjava-3.0.4.jar;C:\Users\90ami\.m2\repository\org\reactivestreams\reactive-streams\1.0.3\reactive-streams-1.0.3.jar;C:\Users\90ami\.m2\repository\org\freemarker\freemarker\2.3.30\freemarker-2.3.30.jar;C:\Users\90ami\.m2\repository\org\projectlombok\lombok\1.18.12\lombok-1.18.12.jar;"/>
    <property name="sun.cpu.endian" value="little"/>
    <property name="user.home" value="C:\Users\90ami"/>
    <property name="user.language" value="en"/>
    <property name="java.specification.vendor" value="Oracle Corporation"/>
    <property name="java.version.date" value="2022-08-18"/>
    <property name="java.home" value="C:\Program Files\Java\jdk-17.0.4.1"/>
    <property name="file.separator" value="\"/>
    <property name="basedir" value="C:\Users\90ami\eclipse-workspace\Hotel_API_Framework"/>
    <property name="java.vm.compressedOopsMode" value="32-bit"/>
    <property name="line.separator" value="&#10;"/>
    <property name="java.vm.specification.vendor" value="Oracle Corporation"/>
    <property name="java.specification.name" value="Java Platform API Specification"/>
    <property name="surefire.real.class.path" value="C:\Users\90ami\AppData\Local\Temp\surefire9972240040367104181\surefirebooter-20230421103254887_3.jar"/>
    <property name="user.script" value=""/>
    <property name="sun.management.compiler" value="HotSpot 64-Bit Tiered Compilers"/>
    <property name="java.runtime.version" value="17.0.4.1+1-LTS-2"/>
    <property name="user.name" value="90ami"/>
    <property name="path.separator" value=";"/>
    <property name="os.version" value="10.0"/>
    <property name="java.runtime.name" value="Java(TM) SE Runtime Environment"/>
    <property name="file.encoding" value="Cp1252"/>
    <property name="java.vm.name" value="Java HotSpot(TM) 64-Bit Server VM"/>
    <property name="localRepository" value="C:\Users\90ami\.m2\repository"/>
    <property name="java.vendor.url.bug" value="https://bugreport.java.com/bugreport/"/>
    <property name="java.io.tmpdir" value="C:\Users\90ami\AppData\Local\Temp\"/>
    <property name="java.version" value="17.0.4.1"/>
    <property name="user.dir" value="C:\Users\90ami\eclipse-workspace\Hotel_API_Framework"/>
    <property name="os.arch" value="amd64"/>
    <property name="java.vm.specification.name" value="Java Virtual Machine Specification"/>
    <property name="sun.os.patch.level" value=""/>
    <property name="native.encoding" value="Cp1252"/>
    <property name="java.library.path" value="C:\Program Files\Java\jdk-17.0.4.1\bin;C:\WINDOWS\Sun\Java\bin;C:\WINDOWS\system32;C:\WINDOWS;C:\Program Files\Common Files\Oracle\Java\javapath;C:\WINDOWS\system32;C:\WINDOWS;C:\WINDOWS\System32\Wbem;C:\WINDOWS\System32\WindowsPowerShell\v1.0\;C:\WINDOWS\System32\OpenSSH\;C:\Program Files\Git\cmd;C:\Program Files\nodejs\node_modules;C:\Program Files\nodejs\;C:\Users\90ami\AppData\Local\Microsoft\WindowsApps;C:\Users\90ami\AppData\Roaming\npm;;."/>
    <property name="java.vm.info" value="mixed mode, sharing"/>
    <property name="java.vendor" value="Oracle Corporation"/>
    <property name="java.vm.version" value="17.0.4.1+1-LTS-2"/>
    <property name="sun.io.unicode.encoding" value="UnicodeLittle"/>
    <property name="java.class.version" value="61.0"/>
  </properties>
  <testcase name="createBooking[Amit, Ghosh, 200, true, lunch, 2023-04-20, 2023-04-24](1)" classname="api.tests.DataDrivenTest" time="5.857">
    <system-out><![CDATA[HTTP/1.1 200 OK
Server: Cowboy
Connection: keep-alive
X-Powered-By: Express
Content-Type: application/json; charset=utf-8
Content-Length: 195
Etag: W/"c3-oJ+YsibUEz+3mDBm4G5+K9edb1U"
Date: Fri, 21 Apr 2023 05:03:03 GMT
Via: 1.1 vegur

{
    "bookingid": 14683,
    "booking": {
        "firstname": "Amit",
        "lastname": "Ghosh",
        "totalprice": 200,
        "depositpaid": true,
        "bookingdates": {
            "checkin": "2023-04-20",
            "checkout": "2023-04-24"
        },
        "additionalneeds": "lunch"
    }
}
]]></system-out>
    <system-err><![CDATA[SLF4J: Failed to load class "org.slf4j.impl.StaticLoggerBinder".
SLF4J: Defaulting to no-operation (NOP) logger implementation
SLF4J: See http://www.slf4j.org/codes.html#StaticLoggerBinder for further details.
]]></system-err>
  </testcase>
  <testcase name="createBooking[Sumit, Ghosh, 500, true, dinner, 2023-04-21, 2023-04-25](2)" classname="api.tests.DataDrivenTest" time="2.083">
    <system-out><![CDATA[HTTP/1.1 200 OK
Server: Cowboy
Connection: keep-alive
X-Powered-By: Express
Content-Type: application/json; charset=utf-8
Content-Length: 197
Etag: W/"c5-NLDH2JmI6j9+9N+PhY9NnPJXGcA"
Date: Fri, 21 Apr 2023 05:03:05 GMT
Via: 1.1 vegur

{
    "bookingid": 14743,
    "booking": {
        "firstname": "Sumit",
        "lastname": "Ghosh",
        "totalprice": 500,
        "depositpaid": true,
        "bookingdates": {
            "checkin": "2023-04-21",
            "checkout": "2023-04-25"
        },
        "additionalneeds": "dinner"
    }
}
]]></system-out>
  </testcase>
  <testcase name="createBooking[Saptadipa, Ghosh, 250, false, brakefast, 2023-04-22, 2023-04-26](3)" classname="api.tests.DataDrivenTest" time="2.44">
    <system-out><![CDATA[HTTP/1.1 200 OK
Server: Cowboy
Connection: keep-alive
X-Powered-By: Express
Content-Type: application/json; charset=utf-8
Content-Length: 205
Etag: W/"cd-bRgbBciACUYtxCgLkh6k8OdX7zQ"
Date: Fri, 21 Apr 2023 05:03:08 GMT
Via: 1.1 vegur

{
    "bookingid": 14806,
    "booking": {
        "firstname": "Saptadipa",
        "lastname": "Ghosh",
        "totalprice": 250,
        "depositpaid": false,
        "bookingdates": {
            "checkin": "2023-04-22",
            "checkout": "2023-04-26"
        },
        "additionalneeds": "brakefast"
    }
}
]]></system-out>
  </testcase>
  <testcase name="createBooking[Samir, Kumar, 450, true, sex, 2023-04-23, 2023-04-27](4)" classname="api.tests.DataDrivenTest" time="2.246">
    <system-out><![CDATA[HTTP/1.1 200 OK
Server: Cowboy
Connection: keep-alive
X-Powered-By: Express
Content-Type: application/json; charset=utf-8
Content-Length: 194
Etag: W/"c2-wiqJwpyF+6oH+LWjnZ59btiu+qk"
Date: Fri, 21 Apr 2023 05:03:10 GMT
Via: 1.1 vegur

{
    "bookingid": 14834,
    "booking": {
        "firstname": "Samir",
        "lastname": "Kumar",
        "totalprice": 450,
        "depositpaid": true,
        "bookingdates": {
            "checkin": "2023-04-23",
            "checkout": "2023-04-27"
        },
        "additionalneeds": "sex"
    }
}
]]></system-out>
  </testcase>
  <testcase name="createBooking[Chandana, Subhra, 300, false, pros, 2023-04-24, 2023-04-28](5)" classname="api.tests.DataDrivenTest" time="2.452">
    <system-out><![CDATA[HTTP/1.1 200 OK
Server: Cowboy
Connection: keep-alive
X-Powered-By: Express
Content-Type: application/json; charset=utf-8
Content-Length: 200
Etag: W/"c8-DpIwQnCf3UnF3HubO7iKPT1vXmY"
Date: Fri, 21 Apr 2023 05:03:13 GMT
Via: 1.1 vegur

{
    "bookingid": 14859,
    "booking": {
        "firstname": "Chandana",
        "lastname": "Subhra",
        "totalprice": 300,
        "depositpaid": false,
        "bookingdates": {
            "checkin": "2023-04-24",
            "checkout": "2023-04-28"
        },
        "additionalneeds": "pros"
    }
}
]]></system-out>
  </testcase>
  <testcase name="testBooking" classname="api.tests.BookingTests" time="2.218">
    <system-out><![CDATA[HTTP/1.1 200 OK
Server: Cowboy
Connection: keep-alive
X-Powered-By: Express
Content-Type: application/json; charset=utf-8
Content-Length: 196
Etag: W/"c4-ntdL6dQyzETmBTS9+U98r48vyxE"
Date: Fri, 21 Apr 2023 05:03:18 GMT
Via: 1.1 vegur

{
    "bookingid": 14920,
    "booking": {
        "firstname": "Merle",
        "lastname": "Braun",
        "totalprice": 464,
        "depositpaid": true,
        "bookingdates": {
            "checkin": "2023-04-20",
            "checkout": "2023-04-24"
        },
        "additionalneeds": "lunch"
    }
}
]]></system-out>
  </testcase>
  <testcase name="updateBookingTest" classname="api.tests.BookingTests" time="2.994">
    <system-out><![CDATA[HTTP/1.1 200 OK
Server: Cowboy
Connection: keep-alive
X-Powered-By: Express
Content-Type: application/json; charset=utf-8
Content-Length: 166
Etag: W/"a6-MJzUuK8LrtcuNZXMIMFRZJMSdFk"
Date: Fri, 21 Apr 2023 05:03:21 GMT
Via: 1.1 vegur

{
    "firstname": "Minnie",
    "lastname": "Wiza",
    "totalprice": 464,
    "depositpaid": true,
    "bookingdates": {
        "checkin": "2023-04-20",
        "checkout": "2023-04-24"
    },
    "additionalneeds": "lunch"
}
]]></system-out>
  </testcase>
  <testcase name="getBooking" classname="api.tests.BookingTests" time="2.494">
    <system-out><![CDATA[HTTP/1.1 200 OK
Server: Cowboy
Connection: keep-alive
X-Powered-By: Express
Content-Type: application/json; charset=utf-8
Content-Length: 166
Etag: W/"a6-MJzUuK8LrtcuNZXMIMFRZJMSdFk"
Date: Fri, 21 Apr 2023 05:03:23 GMT
Via: 1.1 vegur

{
    "firstname": "Minnie",
    "lastname": "Wiza",
    "totalprice": 464,
    "depositpaid": true,
    "bookingdates": {
        "checkin": "2023-04-20",
        "checkout": "2023-04-24"
    },
    "additionalneeds": "lunch"
}
]]></system-out>
  </testcase>
  <testcase name="deleteBooking" classname="api.tests.BookingTests" time="2.864">
    <system-out><![CDATA[HTTP/1.1 201 Created
Server: Cowboy
Connection: keep-alive
X-Powered-By: Express
Content-Type: text/plain; charset=utf-8
Content-Length: 7
Etag: W/"7-rM9AyJuqT6iOan/xHh+AW+7K/T8"
Date: Fri, 21 Apr 2023 05:03:26 GMT
Via: 1.1 vegur

Created
]]></system-out>
  </testcase>
  <testcase name="checkDeleteBooking" classname="api.tests.BookingTests" time="2.907">
    <system-out><![CDATA[HTTP/1.1 404 Not Found
Server: Cowboy
Connection: keep-alive
X-Powered-By: Express
Content-Type: text/plain; charset=utf-8
Content-Length: 9
Etag: W/"9-0gXL1ngzMqISxa6S1zx3F4wtLyg"
Date: Fri, 21 Apr 2023 05:03:29 GMT
Via: 1.1 vegur

Not Found
]]></system-out>
  </testcase>
</testsuite>