<?xml version="1.0" encoding="UTF-8"?>
<!-- Generated by org.testng.reporters.JUnitReportReporter -->
<testsuite hostname="AMIT" failures="0" tests="5" name="api.tests.BookingTests" time="10.299" errors="0" timestamp="2023-04-20T12:45:08 IST" skipped="0">
  <testcase classname="api.tests.BookingTests" name="testBooking" time="2.048"/>
  <system-out/>
  <testcase classname="api.tests.BookingTests" name="updateBookingTest" time="2.227"/>
  <system-out/>
  <testcase classname="api.tests.BookingTests" name="getBooking" time="2.040"/>
  <system-out/>
  <testcase classname="api.tests.BookingTests" name="deleteBooking" time="2.041"/>
  <system-out/>
  <testcase classname="api.tests.BookingTests" name="checkDeleteBooking" time="1.943"/>
  <system-out/>
</testsuite> <!-- api.tests.BookingTests -->
