<?xml version="1.0" encoding="UTF-8"?>
<!-- Generated by org.testng.reporters.JUnitReportReporter -->
<testsuite hostname="AMIT" failures="0" tests="5" name="api.tests.DataDrivenTest" time="12.833" errors="0" timestamp="2023-04-20T12:45:08 IST" skipped="0">
  <testcase classname="api.tests.DataDrivenTest" name="createBooking" time="1.941"/>
  <system-out/>
  <testcase classname="api.tests.DataDrivenTest" name="createBooking" time="4.685"/>
  <system-out/>
  <testcase classname="api.tests.DataDrivenTest" name="createBooking" time="2.013"/>
  <system-out/>
  <testcase classname="api.tests.DataDrivenTest" name="createBooking" time="2.248"/>
  <system-out/>
  <testcase classname="api.tests.DataDrivenTest" name="createBooking" time="1.946"/>
  <system-out/>
</testsuite> <!-- api.tests.DataDrivenTest -->
