<?xml version="1.0" encoding="UTF-8"?>
<!-- Generated by org.testng.reporters.JUnitReportReporter -->
<testsuite hostname="AMIT" failures="0" tests="5" name="api.tests.DataDrivenTest" time="15.054" errors="0" timestamp="2023-04-21T10:33:30 IST" skipped="0">
  <testcase classname="api.tests.DataDrivenTest" name="createBooking" time="2.453"/>
  <system-out/>
  <testcase classname="api.tests.DataDrivenTest" name="createBooking" time="2.070"/>
  <system-out/>
  <testcase classname="api.tests.DataDrivenTest" name="createBooking" time="2.249"/>
  <system-out/>
  <testcase classname="api.tests.DataDrivenTest" name="createBooking" time="2.453"/>
  <system-out/>
  <testcase classname="api.tests.DataDrivenTest" name="createBooking" time="5.829"/>
  <system-out/>
</testsuite> <!-- api.tests.DataDrivenTest -->
