<?xml version="1.0" encoding="UTF-8"?>
<!-- Generated by org.testng.reporters.JUnitReportReporter -->
<testsuite hostname="AMIT" failures="0" tests="5" name="api.tests.DataDrivenTest" time="14.174" errors="0" timestamp="2023-04-20T13:20:32 IST" skipped="0">
  <testcase classname="api.tests.DataDrivenTest" name="createBooking" time="2.148"/>
  <system-out/>
  <testcase classname="api.tests.DataDrivenTest" name="createBooking" time="2.074"/>
  <system-out/>
  <testcase classname="api.tests.DataDrivenTest" name="createBooking" time="2.044"/>
  <system-out/>
  <testcase classname="api.tests.DataDrivenTest" name="createBooking" time="2.140"/>
  <system-out/>
  <testcase classname="api.tests.DataDrivenTest" name="createBooking" time="5.768"/>
  <system-out/>
</testsuite> <!-- api.tests.DataDrivenTest -->
