<?xml version="1.0" encoding="UTF-8"?>
<!-- Generated by org.testng.reporters.JUnitReportReporter -->
<testsuite hostname="AMIT" failures="0" tests="5" name="api.tests.BookingTests" time="10.304" errors="0" timestamp="2023-04-20T13:20:32 IST" skipped="0">
  <testcase classname="api.tests.BookingTests" name="testBooking" time="2.152"/>
  <system-out/>
  <testcase classname="api.tests.BookingTests" name="updateBookingTest" time="2.020"/>
  <system-out/>
  <testcase classname="api.tests.BookingTests" name="getBooking" time="2.244"/>
  <system-out/>
  <testcase classname="api.tests.BookingTests" name="deleteBooking" time="1.841"/>
  <system-out/>
  <testcase classname="api.tests.BookingTests" name="checkDeleteBooking" time="2.047"/>
  <system-out/>
</testsuite> <!-- api.tests.BookingTests -->
