<?xml version="1.0" encoding="UTF-8"?>
<!-- Generated by org.testng.reporters.JUnitReportReporter -->
<testsuite hostname="AMIT" failures="0" tests="5" name="api.tests.BookingTests" time="13.423" errors="0" timestamp="2023-04-21T10:33:30 IST" skipped="0">
  <testcase classname="api.tests.BookingTests" name="testBooking" time="2.213"/>
  <system-out/>
  <testcase classname="api.tests.BookingTests" name="updateBookingTest" time="2.990"/>
  <system-out/>
  <testcase classname="api.tests.BookingTests" name="getBooking" time="2.492"/>
  <system-out/>
  <testcase classname="api.tests.BookingTests" name="deleteBooking" time="2.865"/>
  <system-out/>
  <testcase classname="api.tests.BookingTests" name="checkDeleteBooking" time="2.863"/>
  <system-out/>
</testsuite> <!-- api.tests.BookingTests -->
